2021-05-26 14:33:58.668 [main] WARN  s.d.s.r.operation.OperationImplicitParameterReader - Unable to interpret the implicit parameter configuration with dataType: __file, dataTypeClass: class java.lang.Void
2021-05-26 14:33:58.679 [main] WARN  s.d.builders.FormParameterSpecificationProvider - Parameter should either be a simple or a content type
2021-05-26 14:46:43.411 [main] WARN  s.d.s.r.operation.OperationImplicitParameterReader - Unable to interpret the implicit parameter configuration with dataType: __file, dataTypeClass: class java.lang.Void
2021-05-26 14:46:43.415 [main] WARN  s.d.builders.FormParameterSpecificationProvider - Parameter should either be a simple or a content type
2021-05-26 15:34:12.734 [main] WARN  s.d.s.r.operation.OperationImplicitParameterReader - Unable to interpret the implicit parameter configuration with dataType: __file, dataTypeClass: class java.lang.Void
2021-05-26 15:34:12.744 [main] WARN  s.d.builders.FormParameterSpecificationProvider - Parameter should either be a simple or a content type
2021-05-26 15:53:44.031 [main] WARN  s.d.s.r.operation.OperationImplicitParameterReader - Unable to interpret the implicit parameter configuration with dataType: __file, dataTypeClass: class java.lang.Void
2021-05-26 15:53:44.040 [main] WARN  s.d.builders.FormParameterSpecificationProvider - Parameter should either be a simple or a content type
2021-05-26 15:58:23.593 [main] WARN  s.d.s.r.operation.OperationImplicitParameterReader - Unable to interpret the implicit parameter configuration with dataType: __file, dataTypeClass: class java.lang.Void
2021-05-26 15:58:23.601 [main] WARN  s.d.builders.FormParameterSpecificationProvider - Parameter should either be a simple or a content type
2021-05-26 16:03:16.261 [main] WARN  s.d.s.r.operation.OperationImplicitParameterReader - Unable to interpret the implicit parameter configuration with dataType: __file, dataTypeClass: class java.lang.Void
2021-05-26 16:03:16.267 [main] WARN  s.d.builders.FormParameterSpecificationProvider - Parameter should either be a simple or a content type
2021-05-26 16:20:00.974 [main] WARN  s.d.s.r.operation.OperationImplicitParameterReader - Unable to interpret the implicit parameter configuration with dataType: __file, dataTypeClass: class java.lang.Void
2021-05-26 16:20:00.983 [main] WARN  s.d.builders.FormParameterSpecificationProvider - Parameter should either be a simple or a content type
2021-05-26 16:34:43.232 [HikariPool-1 housekeeper] WARN  com.zaxxer.hikari.pool.HikariPool - HikariPool-1 - Thread starvation or clock leap detected (housekeeper delta=45s420ms44µs).
2021-05-26 16:45:25.825 [main] WARN  s.d.s.r.operation.OperationImplicitParameterReader - Unable to interpret the implicit parameter configuration with dataType: __file, dataTypeClass: class java.lang.Void
2021-05-26 16:45:25.833 [main] WARN  s.d.builders.FormParameterSpecificationProvider - Parameter should either be a simple or a content type
2021-05-26 16:48:00.666 [HikariPool-1 housekeeper] WARN  com.zaxxer.hikari.pool.HikariPool - HikariPool-1 - Thread starvation or clock leap detected (housekeeper delta=2m9s892ms414µs700ns).
2021-05-26 16:49:12.050 [main] WARN  s.d.s.r.operation.OperationImplicitParameterReader - Unable to interpret the implicit parameter configuration with dataType: __file, dataTypeClass: class java.lang.Void
2021-05-26 16:49:12.058 [main] WARN  s.d.builders.FormParameterSpecificationProvider - Parameter should either be a simple or a content type
2021-05-26 16:50:42.576 [main] WARN  s.d.s.r.operation.OperationImplicitParameterReader - Unable to interpret the implicit parameter configuration with dataType: __file, dataTypeClass: class java.lang.Void
2021-05-26 16:50:42.626 [main] WARN  s.d.builders.FormParameterSpecificationProvider - Parameter should either be a simple or a content type
2021-05-26 16:53:02.822 [main] WARN  s.d.s.r.operation.OperationImplicitParameterReader - Unable to interpret the implicit parameter configuration with dataType: __file, dataTypeClass: class java.lang.Void
2021-05-26 16:53:02.829 [main] WARN  s.d.builders.FormParameterSpecificationProvider - Parameter should either be a simple or a content type
2021-05-26 16:54:03.510 [HikariPool-1 housekeeper] WARN  com.zaxxer.hikari.pool.HikariPool - HikariPool-1 - Thread starvation or clock leap detected (housekeeper delta=1m7s499ms806µs200ns).
2021-05-26 16:57:54.585 [main] WARN  s.d.s.r.operation.OperationImplicitParameterReader - Unable to interpret the implicit parameter configuration with dataType: __file, dataTypeClass: class java.lang.Void
2021-05-26 16:57:54.591 [main] WARN  s.d.builders.FormParameterSpecificationProvider - Parameter should either be a simple or a content type
2021-05-26 16:59:22.295 [main] WARN  s.d.s.r.operation.OperationImplicitParameterReader - Unable to interpret the implicit parameter configuration with dataType: __file, dataTypeClass: class java.lang.Void
2021-05-26 16:59:22.301 [main] WARN  s.d.builders.FormParameterSpecificationProvider - Parameter should either be a simple or a content type
2021-05-26 17:09:56.464 [HikariPool-1 housekeeper] WARN  com.zaxxer.hikari.pool.HikariPool - HikariPool-1 - Thread starvation or clock leap detected (housekeeper delta=1m7s930ms43µs500ns).
2021-05-26 17:10:52.199 [HikariPool-1 housekeeper] WARN  com.zaxxer.hikari.pool.HikariPool - HikariPool-1 - Thread starvation or clock leap detected (housekeeper delta=55s735ms460µs600ns).
2021-05-26 17:11:51.551 [main] WARN  s.d.s.r.operation.OperationImplicitParameterReader - Unable to interpret the implicit parameter configuration with dataType: __file, dataTypeClass: class java.lang.Void
2021-05-26 17:11:51.561 [main] WARN  s.d.builders.FormParameterSpecificationProvider - Parameter should either be a simple or a content type
2021-05-26 17:13:14.124 [HikariPool-1 housekeeper] WARN  com.zaxxer.hikari.pool.HikariPool - HikariPool-1 - Thread starvation or clock leap detected (housekeeper delta=1m33s701ms155µs600ns).
2021-05-26 17:15:22.578 [HikariPool-1 housekeeper] WARN  com.zaxxer.hikari.pool.HikariPool - HikariPool-1 - Thread starvation or clock leap detected (housekeeper delta=2m8s454ms246µs).
2021-05-26 17:26:44.938 [main] WARN  s.d.s.r.operation.OperationImplicitParameterReader - Unable to interpret the implicit parameter configuration with dataType: __file, dataTypeClass: class java.lang.Void
2021-05-26 17:26:44.947 [main] WARN  s.d.builders.FormParameterSpecificationProvider - Parameter should either be a simple or a content type
2021-05-26 17:30:46.249 [main] WARN  s.d.s.r.operation.OperationImplicitParameterReader - Unable to interpret the implicit parameter configuration with dataType: __file, dataTypeClass: class java.lang.Void
2021-05-26 17:30:46.256 [main] WARN  s.d.builders.FormParameterSpecificationProvider - Parameter should either be a simple or a content type
2021-05-26 17:31:32.731 [main] WARN  s.d.s.r.operation.OperationImplicitParameterReader - Unable to interpret the implicit parameter configuration with dataType: __file, dataTypeClass: class java.lang.Void
2021-05-26 17:31:32.756 [main] WARN  s.d.builders.FormParameterSpecificationProvider - Parameter should either be a simple or a content type
2021-05-26 17:37:50.198 [main] WARN  s.d.s.r.operation.OperationImplicitParameterReader - Unable to interpret the implicit parameter configuration with dataType: __file, dataTypeClass: class java.lang.Void
2021-05-26 17:37:50.221 [main] WARN  s.d.builders.FormParameterSpecificationProvider - Parameter should either be a simple or a content type
2021-05-26 17:39:52.955 [HikariPool-1 housekeeper] WARN  com.zaxxer.hikari.pool.HikariPool - HikariPool-1 - Thread starvation or clock leap detected (housekeeper delta=1m30s546ms654µs).
2021-05-26 17:41:56.848 [HikariPool-1 housekeeper] WARN  com.zaxxer.hikari.pool.HikariPool - HikariPool-1 - Thread starvation or clock leap detected (housekeeper delta=1m29s4ms729µs800ns).
2021-05-26 17:42:19.341 [main] WARN  s.d.s.r.operation.OperationImplicitParameterReader - Unable to interpret the implicit parameter configuration with dataType: __file, dataTypeClass: class java.lang.Void
2021-05-26 17:42:19.348 [main] WARN  s.d.builders.FormParameterSpecificationProvider - Parameter should either be a simple or a content type
2021-05-26 17:54:28.771 [main] WARN  s.d.s.r.operation.OperationImplicitParameterReader - Unable to interpret the implicit parameter configuration with dataType: __file, dataTypeClass: class java.lang.Void
2021-05-26 17:54:28.799 [main] WARN  s.d.builders.FormParameterSpecificationProvider - Parameter should either be a simple or a content type
