2021-06-10 09:07:29.301 [HikariPool-1 housekeeper] WARN  com.zaxxer.hikari.pool.HikariPool - HikariPool-1 - Thread starvation or clock leap detected (housekeeper delta=1m9s101ms996µs800ns).
2021-06-10 09:30:36.502 [main] WARN  s.d.s.r.operation.OperationImplicitParameterReader - Unable to interpret the implicit parameter configuration with dataType: __file, dataTypeClass: class java.lang.Void
2021-06-10 09:30:36.509 [main] WARN  s.d.builders.FormParameterSpecificationProvider - Parameter should either be a simple or a content type
2021-06-10 09:33:07.578 [main] WARN  s.d.s.r.operation.OperationImplicitParameterReader - Unable to interpret the implicit parameter configuration with dataType: __file, dataTypeClass: class java.lang.Void
2021-06-10 09:33:07.591 [main] WARN  s.d.builders.FormParameterSpecificationProvider - Parameter should either be a simple or a content type
2021-06-10 09:40:48.327 [main] WARN  s.d.s.r.operation.OperationImplicitParameterReader - Unable to interpret the implicit parameter configuration with dataType: __file, dataTypeClass: class java.lang.Void
2021-06-10 09:40:48.336 [main] WARN  s.d.builders.FormParameterSpecificationProvider - Parameter should either be a simple or a content type
2021-06-10 11:45:07.950 [main] WARN  s.d.s.r.operation.OperationImplicitParameterReader - Unable to interpret the implicit parameter configuration with dataType: __file, dataTypeClass: class java.lang.Void
2021-06-10 11:45:07.954 [main] WARN  s.d.builders.FormParameterSpecificationProvider - Parameter should either be a simple or a content type
2021-06-10 11:47:55.513 [main] WARN  s.d.s.r.operation.OperationImplicitParameterReader - Unable to interpret the implicit parameter configuration with dataType: __file, dataTypeClass: class java.lang.Void
2021-06-10 11:47:55.521 [main] WARN  s.d.builders.FormParameterSpecificationProvider - Parameter should either be a simple or a content type
2021-06-10 11:51:07.078 [main] WARN  s.d.s.r.operation.OperationImplicitParameterReader - Unable to interpret the implicit parameter configuration with dataType: __file, dataTypeClass: class java.lang.Void
2021-06-10 11:51:07.093 [main] WARN  s.d.builders.FormParameterSpecificationProvider - Parameter should either be a simple or a content type
2021-06-10 11:55:32.052 [main] WARN  s.d.s.r.operation.OperationImplicitParameterReader - Unable to interpret the implicit parameter configuration with dataType: __file, dataTypeClass: class java.lang.Void
2021-06-10 11:55:32.059 [main] WARN  s.d.builders.FormParameterSpecificationProvider - Parameter should either be a simple or a content type
2021-06-10 11:56:35.925 [main] WARN  s.d.s.r.operation.OperationImplicitParameterReader - Unable to interpret the implicit parameter configuration with dataType: __file, dataTypeClass: class java.lang.Void
2021-06-10 11:56:35.932 [main] WARN  s.d.builders.FormParameterSpecificationProvider - Parameter should either be a simple or a content type
2021-06-10 11:58:39.961 [main] WARN  s.d.s.r.operation.OperationImplicitParameterReader - Unable to interpret the implicit parameter configuration with dataType: __file, dataTypeClass: class java.lang.Void
2021-06-10 11:58:39.967 [main] WARN  s.d.builders.FormParameterSpecificationProvider - Parameter should either be a simple or a content type
2021-06-10 14:47:08.202 [main] WARN  s.d.s.r.operation.OperationImplicitParameterReader - Unable to interpret the implicit parameter configuration with dataType: __file, dataTypeClass: class java.lang.Void
2021-06-10 14:47:08.213 [main] WARN  s.d.builders.FormParameterSpecificationProvider - Parameter should either be a simple or a content type
2021-06-10 16:08:12.745 [main] WARN  s.d.s.r.operation.OperationImplicitParameterReader - Unable to interpret the implicit parameter configuration with dataType: __file, dataTypeClass: class java.lang.Void
2021-06-10 16:08:12.749 [main] WARN  s.d.builders.FormParameterSpecificationProvider - Parameter should either be a simple or a content type
2021-06-10 16:13:01.467 [main] WARN  s.d.s.r.operation.OperationImplicitParameterReader - Unable to interpret the implicit parameter configuration with dataType: __file, dataTypeClass: class java.lang.Void
2021-06-10 16:13:01.472 [main] WARN  s.d.builders.FormParameterSpecificationProvider - Parameter should either be a simple or a content type
2021-06-10 16:14:54.084 [main] WARN  s.d.s.r.operation.OperationImplicitParameterReader - Unable to interpret the implicit parameter configuration with dataType: __file, dataTypeClass: class java.lang.Void
2021-06-10 16:14:54.089 [main] WARN  s.d.builders.FormParameterSpecificationProvider - Parameter should either be a simple or a content type
2021-06-10 16:15:59.998 [main] WARN  s.d.s.r.operation.OperationImplicitParameterReader - Unable to interpret the implicit parameter configuration with dataType: __file, dataTypeClass: class java.lang.Void
2021-06-10 16:16:00.007 [main] WARN  s.d.builders.FormParameterSpecificationProvider - Parameter should either be a simple or a content type
2021-06-10 16:17:14.258 [main] WARN  s.d.s.r.operation.OperationImplicitParameterReader - Unable to interpret the implicit parameter configuration with dataType: __file, dataTypeClass: class java.lang.Void
2021-06-10 16:17:14.262 [main] WARN  s.d.builders.FormParameterSpecificationProvider - Parameter should either be a simple or a content type
2021-06-10 16:21:23.593 [main] WARN  s.d.s.r.operation.OperationImplicitParameterReader - Unable to interpret the implicit parameter configuration with dataType: __file, dataTypeClass: class java.lang.Void
2021-06-10 16:21:23.597 [main] WARN  s.d.builders.FormParameterSpecificationProvider - Parameter should either be a simple or a content type
2021-06-10 16:21:23.757 [main] WARN  s.d.s.r.operation.OperationImplicitParameterReader - Unable to interpret the implicit parameter configuration with dataType: String, dataTypeClass: class java.lang.Void
2021-06-10 16:23:44.701 [main] WARN  s.d.s.r.operation.OperationImplicitParameterReader - Unable to interpret the implicit parameter configuration with dataType: __file, dataTypeClass: class java.lang.Void
2021-06-10 16:23:44.706 [main] WARN  s.d.builders.FormParameterSpecificationProvider - Parameter should either be a simple or a content type
2021-06-10 16:23:44.876 [main] WARN  s.d.s.r.operation.OperationImplicitParameterReader - Unable to interpret the implicit parameter configuration with dataType: String, dataTypeClass: class java.lang.Void
2021-06-10 16:23:44.877 [main] WARN  s.d.builders.BodyParameterSpecificationProvider - Parameter should either be a simple or a content type
2021-06-10 16:28:27.554 [main] WARN  s.d.s.r.operation.OperationImplicitParameterReader - Unable to interpret the implicit parameter configuration with dataType: __file, dataTypeClass: class java.lang.Void
2021-06-10 16:28:27.563 [main] WARN  s.d.builders.FormParameterSpecificationProvider - Parameter should either be a simple or a content type
2021-06-10 16:28:27.806 [main] WARN  s.d.s.r.operation.OperationImplicitParameterReader - Unable to interpret the implicit parameter configuration with dataType: List<String>, dataTypeClass: class java.lang.Void
2021-06-10 16:28:27.806 [main] WARN  s.d.builders.BodyParameterSpecificationProvider - Parameter should either be a simple or a content type
2021-06-10 16:32:04.406 [main] WARN  s.d.s.r.operation.OperationImplicitParameterReader - Unable to interpret the implicit parameter configuration with dataType: __file, dataTypeClass: class java.lang.Void
2021-06-10 16:32:04.411 [main] WARN  s.d.builders.FormParameterSpecificationProvider - Parameter should either be a simple or a content type
2021-06-10 16:32:04.657 [main] WARN  s.d.s.r.operation.OperationImplicitParameterReader - Unable to interpret the implicit parameter configuration with dataType: String, dataTypeClass: class java.lang.Void
2021-06-10 16:33:19.283 [main] WARN  s.d.s.r.operation.OperationImplicitParameterReader - Unable to interpret the implicit parameter configuration with dataType: __file, dataTypeClass: class java.lang.Void
2021-06-10 16:33:19.287 [main] WARN  s.d.builders.FormParameterSpecificationProvider - Parameter should either be a simple or a content type
2021-06-10 16:33:19.476 [main] WARN  s.d.s.r.operation.OperationImplicitParameterReader - Unable to interpret the implicit parameter configuration with dataType: String, dataTypeClass: class java.lang.Void
2021-06-10 16:36:10.205 [main] WARN  s.d.s.r.operation.OperationImplicitParameterReader - Unable to interpret the implicit parameter configuration with dataType: __file, dataTypeClass: class java.lang.Void
2021-06-10 16:36:10.217 [main] WARN  s.d.builders.FormParameterSpecificationProvider - Parameter should either be a simple or a content type
2021-06-10 16:36:10.508 [main] WARN  s.d.s.r.operation.OperationImplicitParameterReader - Unable to interpret the implicit parameter configuration with dataType: String, dataTypeClass: class java.lang.Void
2021-06-10 16:39:47.938 [main] WARN  s.d.s.r.operation.OperationImplicitParameterReader - Unable to interpret the implicit parameter configuration with dataType: __file, dataTypeClass: class java.lang.Void
2021-06-10 16:39:47.968 [main] WARN  s.d.builders.FormParameterSpecificationProvider - Parameter should either be a simple or a content type
2021-06-10 16:39:48.263 [main] WARN  s.d.s.r.operation.OperationImplicitParameterReader - Unable to interpret the implicit parameter configuration with dataType: , dataTypeClass: class java.lang.Void
2021-06-10 16:53:23.528 [main] WARN  s.d.s.r.operation.OperationImplicitParameterReader - Unable to interpret the implicit parameter configuration with dataType: __file, dataTypeClass: class java.lang.Void
2021-06-10 16:53:23.536 [main] WARN  s.d.builders.FormParameterSpecificationProvider - Parameter should either be a simple or a content type
